[debug] [2020-07-30T09:58:24.691Z] ----------------------------------------------------------------------
[debug] [2020-07-30T09:58:24.693Z] Command:       C:\Program Files\nodejs\node.exe C:\Users\Zygen\AppData\Roaming\npm\node_modules\firebase-tools\lib\bin\firebase.js deploy --only hosting:p3buddyrecruit-qas
[debug] [2020-07-30T09:58:24.693Z] CLI Version:   8.6.0
[debug] [2020-07-30T09:58:24.694Z] Platform:      win32
[debug] [2020-07-30T09:58:24.694Z] Node Version:  v12.18.2
[debug] [2020-07-30T09:58:24.705Z] Time:          Thu Jul 30 2020 16:58:24 GMT+0700 (Indochina Time)
[debug] [2020-07-30T09:58:24.705Z] ----------------------------------------------------------------------
[debug] [2020-07-30T09:58:24.705Z] 
[debug] [2020-07-30T09:58:24.811Z] > command requires scopes: ["email","openid","https://www.googleapis.com/auth/cloudplatformprojects.readonly","https://www.googleapis.com/auth/firebase","https://www.googleapis.com/auth/cloud-platform"]
[debug] [2020-07-30T09:58:24.812Z] > authorizing via signed-in user
[debug] [2020-07-30T09:58:24.812Z] [iam] checking project smartrecruit for permissions ["firebase.projects.get","firebasehosting.sites.update"]
[debug] [2020-07-30T09:58:24.819Z] >>> HTTP REQUEST POST https://cloudresourcemanager.googleapis.com/v1/projects/smartrecruit:testIamPermissions  
 {"permissions":["firebase.projects.get","firebasehosting.sites.update"]}
[debug] [2020-07-30T09:58:26.045Z] <<< HTTP RESPONSE 200 {"content-type":"application/json; charset=UTF-8","vary":"X-Origin, Referer, Origin,Accept-Encoding","date":"Thu, 30 Jul 2020 09:58:26 GMT","server":"ESF","cache-control":"private","x-xss-protection":"0","x-frame-options":"SAMEORIGIN","x-content-type-options":"nosniff","server-timing":"gfet4t7; dur=1037","alt-svc":"h3-29=\":443\"; ma=2592000,h3-27=\":443\"; ma=2592000,h3-T050=\":443\"; ma=2592000,h3-Q050=\":443\"; ma=2592000,h3-Q046=\":443\"; ma=2592000,h3-Q043=\":443\"; ma=2592000,quic=\":443\"; ma=2592000; v=\"46,43\"","accept-ranges":"none","transfer-encoding":"chunked"}
[debug] [2020-07-30T09:58:26.047Z] >>> HTTP REQUEST GET https://firebase.googleapis.com/v1beta1/projects/smartrecruit  
 
[debug] [2020-07-30T09:58:26.448Z] <<< HTTP RESPONSE 200 {"content-type":"application/json; charset=UTF-8","vary":"X-Origin, Referer, Origin,Accept-Encoding","date":"Thu, 30 Jul 2020 09:58:27 GMT","server":"ESF","cache-control":"private","x-xss-protection":"0","x-frame-options":"SAMEORIGIN","x-content-type-options":"nosniff","alt-svc":"h3-29=\":443\"; ma=2592000,h3-27=\":443\"; ma=2592000,h3-T050=\":443\"; ma=2592000,h3-Q050=\":443\"; ma=2592000,h3-Q046=\":443\"; ma=2592000,h3-Q043=\":443\"; ma=2592000,quic=\":443\"; ma=2592000; v=\"46,43\"","accept-ranges":"none","transfer-encoding":"chunked"}
[info] 
[info] === Deploying to 'smartrecruit'...
[info] 
[info] i  deploying hosting 
[info] 
[info] +  Deploy complete! 
[info] 
[info] Project Console: https://console.firebase.google.com/project/smartrecruit/overview
[debug] [2020-07-30T09:58:26.614Z] TypeError: Cannot read property 'deploys' of undefined
    at C:\Users\Zygen\AppData\Roaming\npm\node_modules\firebase-tools\lib\deploy\index.js:84:36
    at processTicksAndRejections (internal/process/task_queues.js:97:5)
[error] 
[error] Error: An unexpected error has occurred.
